[2025-11-01 10:06:51] 创建数据文件: face_database\face_features.csv
[2025-11-01 10:06:51] 创建数据文件: logs\recognition_log.csv
[2025-11-01 10:06:51] 创建数据文件: logs\attendance.csv
[2025-11-01 10:06:51] SQLite数据库初始化成功
[2025-11-01 10:06:51] 人脸检测器加载成功
[2025-11-01 10:06:51] 特征点预测器文件大小: 95.1MB
[2025-11-01 10:06:52] 特征点预测器加载成功: models/shape_predictor_68_face_landmarks.dat
[2025-11-01 10:06:52] 人脸识别模型文件大小: 21.4MB
[2025-11-01 10:06:52] 人脸识别模型加载成功
[2025-11-01 10:06:52] 模型完整性检查通过
[2025-11-01 10:06:52] 模型初始化完成
[2025-11-01 10:06:52] 人脸数据库加载完成，共 0 个人脸
[2025-11-01 10:06:52] 系统启动成功
[2025-11-01 10:06:52] 人脸数据库加载完成，共 0 个人脸
[2025-11-01 10:06:52] 系统启动成功
[2025-11-01 10:06:52] 人脸数据库加载完成，共 0 个人脸
[2025-11-01 10:06:52] 系统启动成功
[2025-11-01 10:07:00] API服务已启动，端口: 5000
[2025-11-01 10:08:15] 配置文件保存成功
[2025-11-01 10:08:15] 人脸检测器加载成功
[2025-11-01 10:08:15] 特征点预测器文件大小: 95.1MB
[2025-11-01 10:08:15] 特征点预测器加载成功: models/shape_predictor_68_face_landmarks.dat
[2025-11-01 10:08:15] 人脸识别模型文件大小: 21.4MB
[2025-11-01 10:08:15] 人脸识别模型加载成功
[2025-11-01 10:08:15] 模型完整性检查通过
[2025-11-01 10:08:15] 模型初始化完成
[2025-11-01 10:08:15] 系统设置保存成功
[2025-11-01 10:08:22] 加载录入图片: sample2.jpg
[2025-11-01 10:08:45] 人脸数据库保存完成
[2025-11-01 10:08:45] 人脸录入成功：ni
[2025-11-01 10:08:50] 加载图片: sample2.jpg
[2025-11-01 10:09:31] 加载图片: sample2.jpg
[2025-11-01 10:09:54] 摄像头启动失败: 'FaceRecognitionSystem' object has no attribute 'camera_status_label'
[2025-11-01 10:09:55] 录入摄像头启动成功
[2025-11-01 10:09:57] 摄像头停止失败: 'FaceRecognitionSystem' object has no attribute 'camera_status_label'
[2025-11-01 10:09:57] 录入摄像头停止成功
[2025-11-01 10:09:58] 摄像头启动失败: 'FaceRecognitionSystem' object has no attribute 'camera_status_label'
[2025-11-01 10:09:59] 录入摄像头启动成功
[2025-11-01 10:10:12] 开始人脸识别
[2025-11-01 10:10:18] 停止人脸识别
[2025-11-01 10:10:26] 摄像头停止失败: 'FaceRecognitionSystem' object has no attribute 'camera_status_label'
[2025-11-01 10:10:26] 录入摄像头停止成功
[2025-11-01 10:10:30] 摄像头启动失败: 'FaceRecognitionSystem' object has no attribute 'camera_status_label'
[2025-11-01 10:10:32] 录入摄像头启动成功
[2025-11-01 10:11:19] 摄像头停止失败: 'FaceRecognitionSystem' object has no attribute 'camera_status_label'
[2025-11-01 10:11:40] 加载图片: sample2.jpg
[2025-11-01 10:12:39] 摄像头启动失败: 'FaceRecognitionSystem' object has no attribute 'camera_status_label'
[2025-11-01 10:12:41] 开始人脸识别
[2025-11-01 10:13:00] 停止人脸识别
[2025-11-01 10:13:02] 摄像头停止失败: 'FaceRecognitionSystem' object has no attribute 'camera_status_label'
[2025-11-01 10:21:11] 摄像头停止失败: 'FaceRecognitionSystem' object has no attribute 'camera_status_label'
[2025-11-01 10:21:11] 停止人脸识别
[2025-11-01 10:21:11] 停止考勤
[2025-11-01 10:21:11] API服务已停止
[2025-11-01 10:21:11] 系统退出
[2025-11-01 10:22:35] SQLite数据库初始化成功
[2025-11-01 10:22:35] 人脸检测器加载成功
[2025-11-01 10:22:35] 特征点预测器文件大小: 95.1MB
[2025-11-01 10:22:36] 特征点预测器加载成功: models/shape_predictor_68_face_landmarks.dat
[2025-11-01 10:22:36] 人脸识别模型文件大小: 21.4MB
[2025-11-01 10:22:36] 人脸识别模型加载成功
[2025-11-01 10:22:36] 模型完整性检查通过
[2025-11-01 10:22:36] 模型初始化完成
[2025-11-01 10:22:36] 人脸数据库加载完成，共 0 个人脸
[2025-11-01 10:22:36] 系统启动成功
[2025-11-01 10:22:41] API服务已启动，端口: 5000
[2025-11-01 10:23:52] 加载录入图片: sample2.jpg
[2025-11-01 10:23:54] 人脸数据库保存完成
[2025-11-01 10:23:54] 人脸录入成功：ni
[2025-11-01 10:24:00] 加载图片: sample2.jpg
[2025-11-01 10:24:13] 加载图片: sample2.jpg
[2025-11-01 10:24:43] 加载录入图片: sample3.jpg
[2025-11-01 10:24:44] 人脸数据库保存完成
[2025-11-01 10:24:44] 人脸录入成功：ta
[2025-11-01 10:24:48] 加载图片: sample3.jpg
[2025-11-01 10:26:10] 摄像头停止成功
[2025-11-01 10:26:10] 停止人脸识别
[2025-11-01 10:26:10] 停止考勤
[2025-11-01 10:26:10] API服务已停止
[2025-11-01 10:26:10] 系统退出
[2025-11-01 10:26:59] SQLite数据库初始化成功
[2025-11-01 10:27:00] 人脸检测器加载成功
[2025-11-01 10:27:00] 特征点预测器文件大小: 95.1MB
[2025-11-01 10:27:00] 特征点预测器加载成功: models/shape_predictor_68_face_landmarks.dat
[2025-11-01 10:27:00] 人脸识别模型文件大小: 21.4MB
[2025-11-01 10:27:00] 人脸识别模型加载成功
[2025-11-01 10:27:00] 模型完整性检查通过
[2025-11-01 10:27:00] 模型初始化完成
[2025-11-01 10:27:00] 人脸数据库加载完成，共 0 个人脸
[2025-11-01 10:27:00] 系统启动成功
[2025-11-01 10:39:15] 摄像头停止成功
[2025-11-01 10:39:15] 停止人脸识别
[2025-11-01 10:39:15] 停止考勤
[2025-11-01 10:39:15] 系统退出
[2025-11-01 11:24:39] SQLite数据库初始化成功
[2025-11-01 11:24:40] 人脸检测器加载成功
[2025-11-01 11:24:40] 特征点预测器文件大小: 95.1MB
[2025-11-01 11:24:40] 特征点预测器加载成功: models/shape_predictor_68_face_landmarks.dat
[2025-11-01 11:24:40] 人脸识别模型文件大小: 21.4MB
[2025-11-01 11:24:40] 人脸识别模型加载成功
[2025-11-01 11:24:40] 模型完整性检查通过
[2025-11-01 11:24:40] 模型初始化完成
[2025-11-01 11:24:40] 人脸数据库加载完成，共 0 个人脸
[2025-11-01 11:24:40] 系统启动成功
[2025-11-01 11:24:40] 人脸数据库加载完成，共 0 个人脸
[2025-11-01 11:24:40] 系统启动成功
[2025-11-01 11:24:40] 人脸数据库加载完成，共 0 个人脸
[2025-11-01 11:24:40] 系统启动成功
[2025-11-01 11:25:09] API服务已启动，端口: 5000
[2025-11-01 11:25:10] 配置文件保存成功
[2025-11-01 11:25:11] 人脸检测器加载成功
[2025-11-01 11:25:11] 特征点预测器文件大小: 95.1MB
[2025-11-01 11:25:11] 特征点预测器加载成功: models/shape_predictor_68_face_landmarks.dat
[2025-11-01 11:25:11] 人脸识别模型文件大小: 21.4MB
[2025-11-01 11:25:11] 人脸识别模型加载成功
[2025-11-01 11:25:11] 模型完整性检查通过
[2025-11-01 11:25:11] 模型初始化完成
[2025-11-01 11:25:11] 系统设置保存成功
[2025-11-01 11:25:17] 加载录入图片: sample2.jpg
[2025-11-01 11:25:29] 人脸数据库保存完成
[2025-11-01 11:25:29] 人脸录入成功：ni
[2025-11-01 11:25:33] 加载图片: sample2.jpg
[2025-11-01 11:26:55] 摄像头停止失败: 'FaceRecognitionSystem' object has no attribute 'camera_status_label'
[2025-11-01 11:26:55] 停止人脸识别
[2025-11-01 11:26:55] 停止考勤
[2025-11-01 11:26:55] API服务已停止
[2025-11-01 11:26:55] 系统退出
[2025-11-01 11:27:10] SQLite数据库初始化成功
[2025-11-01 11:27:10] 人脸检测器加载成功
[2025-11-01 11:27:10] 特征点预测器文件大小: 95.1MB
[2025-11-01 11:27:11] 特征点预测器加载成功: models/shape_predictor_68_face_landmarks.dat
[2025-11-01 11:27:11] 人脸识别模型文件大小: 21.4MB
[2025-11-01 11:27:11] 人脸识别模型加载成功
[2025-11-01 11:27:11] 模型完整性检查通过
[2025-11-01 11:27:11] 模型初始化完成
[2025-11-01 11:27:11] 人脸数据库加载完成，共 0 个人脸
[2025-11-01 11:27:11] 系统启动成功
[2025-11-01 11:27:18] 加载录入图片: sample2.jpg
[2025-11-01 11:27:27] 人脸数据库保存完成
[2025-11-01 11:27:27] 人脸录入成功：ni
[2025-11-01 11:27:31] 加载图片: sample2.jpg
[2025-11-01 11:27:37] 加载图片: sample2.jpg
[2025-11-01 11:27:53] 摄像头停止成功
[2025-11-01 11:27:53] 停止人脸识别
[2025-11-01 11:27:53] 停止考勤
[2025-11-01 11:27:53] 系统退出
[2025-11-01 11:40:31] SQLite数据库初始化成功
[2025-11-01 11:40:32] 人脸检测器加载成功
[2025-11-01 11:40:32] 特征点预测器文件大小: 95.1MB
[2025-11-01 11:40:32] 特征点预测器加载成功: models/shape_predictor_68_face_landmarks.dat
[2025-11-01 11:40:32] 人脸识别模型文件大小: 21.4MB
[2025-11-01 11:40:32] 人脸识别模型加载成功
[2025-11-01 11:40:32] 模型完整性检查通过
[2025-11-01 11:40:32] 模型初始化完成
[2025-11-01 11:40:32] 人脸数据库加载完成，共 0 个人脸
[2025-11-01 11:40:32] 系统启动成功
[2025-11-01 11:40:42] 加载图片: sample2.jpg
[2025-11-01 11:40:50] 摄像头停止成功
[2025-11-01 11:40:50] 停止人脸识别
[2025-11-01 11:40:50] 停止考勤
[2025-11-01 11:40:50] 系统退出
[2025-11-05 20:22:51] SQLite数据库初始化成功
[2025-11-05 20:22:51] 人脸检测器加载成功
[2025-11-05 20:22:51] 特征点预测器文件大小: 95.1MB
[2025-11-05 20:22:52] 特征点预测器加载成功: models/shape_predictor_68_face_landmarks.dat
[2025-11-05 20:22:52] 人脸识别模型文件大小: 21.4MB
[2025-11-05 20:22:52] 人脸识别模型加载成功
[2025-11-05 20:22:52] 模型完整性检查通过
[2025-11-05 20:22:52] 模型初始化完成
[2025-11-05 20:22:52] 人脸数据库加载完成，共 0 个人脸
[2025-11-05 20:22:52] 系统启动成功
[2025-11-05 20:24:34] 摄像头启动成功
[2025-11-05 20:24:34] 录入摄像头启动成功
[2025-11-05 20:24:44] 摄像头停止成功
[2025-11-05 20:24:44] 录入摄像头停止成功
[2025-11-05 20:58:29] 摄像头停止成功
[2025-11-05 20:58:29] 停止人脸识别
[2025-11-05 20:58:29] 停止考勤
[2025-11-05 20:58:29] 系统退出
[2025-11-06 14:25:42] SQLite数据库初始化成功
[2025-11-06 14:25:42] 人脸检测器加载成功
[2025-11-06 14:25:42] 特征点预测器文件大小: 95.1MB
[2025-11-06 14:25:43] 特征点预测器加载成功: models/shape_predictor_68_face_landmarks.dat
[2025-11-06 14:25:43] 人脸识别模型文件大小: 21.4MB
[2025-11-06 14:25:43] 人脸识别模型加载成功
[2025-11-06 14:25:43] 模型完整性检查通过
[2025-11-06 14:25:43] 模型初始化完成
[2025-11-06 14:25:43] 人脸数据库加载完成，共 0 个人脸
[2025-11-06 14:25:43] 系统启动成功
[2025-11-06 14:26:01] 加载录入图片: sample1.jpg
[2025-11-06 14:26:16] 人脸数据库保存完成
[2025-11-06 14:26:16] 人脸录入成功：a
[2025-11-06 14:26:21] 加载图片: sample1.jpg
[2025-11-06 14:26:27] 加载图片: sample1.jpg
[2025-11-06 14:26:30] 加载图片: sample1.jpg
[2025-11-06 14:26:33] 加载图片: sample1.jpg
[2025-11-06 16:40:12] MySQL数据库初始化成功
[2025-11-06 16:40:12] 人脸检测器加载成功
[2025-11-06 16:40:12] 特征点预测器文件大小: 95.1MB
[2025-11-06 16:40:13] 特征点预测器加载成功: models/shape_predictor_68_face_landmarks.dat
[2025-11-06 16:40:13] 人脸识别模型文件大小: 21.4MB
[2025-11-06 16:40:13] 人脸识别模型加载成功
[2025-11-06 16:40:13] 模型完整性检查通过
[2025-11-06 16:40:13] 模型初始化完成
[2025-11-06 16:40:13] 人脸数据库加载完成，共 1 个人脸
[2025-11-06 16:40:13] 系统启动成功
[2025-11-06 16:41:13] 加载录入图片: sample2.jpg
[2025-11-06 16:41:33] 用户信息已保存到MySQL数据库: 张三
[2025-11-06 16:41:33] 人脸数据库保存完成
[2025-11-06 16:41:33] 人脸录入成功：张三
[2025-11-06 16:41:35] 录入摄像头启动成功
[2025-11-06 16:41:53] 保存到MySQL数据库失败: (1364, "Field 'face_encoding' doesn't have a default value")
[2025-11-06 16:41:53] 人脸数据库保存完成
[2025-11-06 16:41:53] 人脸录入成功：周顺祥
[2025-11-06 16:42:07] 开始考勤
[2025-11-06 16:42:09] 停止考勤
[2025-11-06 16:42:10] 开始考勤
[2025-11-06 16:42:10] 停止考勤
[2025-11-06 16:42:15] 开始人脸识别
[2025-11-06 16:42:15] 保存识别记录到数据库失败: (1054, "Unknown column 'status' in 'field list'")
[2025-11-06 16:42:16] 保存识别记录到数据库失败: (1054, "Unknown column 'status' in 'field list'")
[2025-11-06 16:42:16] 保存识别记录到数据库失败: (1054, "Unknown column 'status' in 'field list'")
[2025-11-06 16:42:16] 保存识别记录到数据库失败: (1054, "Unknown column 'status' in 'field list'")
[2025-11-06 16:42:16] 保存识别记录到数据库失败: (1054, "Unknown column 'status' in 'field list'")
[2025-11-06 16:42:17] 摄像头停止成功
[2025-11-06 16:42:19] 停止人脸识别
[2025-11-06 16:42:20] 摄像头启动成功
[2025-11-06 16:42:21] 开始人脸识别
[2025-11-06 16:42:21] 保存识别记录到数据库失败: (1054, "Unknown column 'status' in 'field list'")
[2025-11-06 16:42:22] 保存识别记录到数据库失败: (1054, "Unknown column 'status' in 'field list'")
[2025-11-06 16:42:22] 保存识别记录到数据库失败: (1054, "Unknown column 'status' in 'field list'")
[2025-11-06 16:42:23] 保存识别记录到数据库失败: (1054, "Unknown column 'status' in 'field list'")
[2025-11-06 16:42:23] 保存识别记录到数据库失败: (1054, "Unknown column 'status' in 'field list'")
[2025-11-06 16:42:23] 保存识别记录到数据库失败: (1054, "Unknown column 'status' in 'field list'")
[2025-11-06 16:42:23] 保存识别记录到数据库失败: (1054, "Unknown column 'status' in 'field list'")
[2025-11-06 16:42:24] 保存识别记录到数据库失败: (1054, "Unknown column 'status' in 'field list'")
[2025-11-06 16:42:24] 停止人脸识别
[2025-11-06 16:42:27] 摄像头停止成功
[2025-11-06 16:44:37] MySQL数据库初始化成功
[2025-11-06 16:44:37] 人脸检测器加载成功
[2025-11-06 16:44:37] 特征点预测器文件大小: 95.1MB
[2025-11-06 16:44:38] 特征点预测器加载成功: models/shape_predictor_68_face_landmarks.dat
[2025-11-06 16:44:38] 人脸识别模型文件大小: 21.4MB
[2025-11-06 16:44:38] 人脸识别模型加载成功
[2025-11-06 16:44:38] 模型完整性检查通过
[2025-11-06 16:44:38] 模型初始化完成
[2025-11-06 16:44:38] 人脸数据库加载完成，共 1 个人脸
[2025-11-06 16:44:38] 系统启动成功
[2025-11-06 17:02:38] MySQL数据库初始化成功
[2025-11-06 17:02:38] 人脸检测器加载成功
[2025-11-06 17:02:38] 特征点预测器文件大小: 95.1MB
[2025-11-06 17:02:39] 特征点预测器加载成功: models/shape_predictor_68_face_landmarks.dat
[2025-11-06 17:02:39] 人脸识别模型文件大小: 21.4MB
[2025-11-06 17:02:39] 人脸识别模型加载成功
[2025-11-06 17:02:39] 模型完整性检查通过
[2025-11-06 17:02:39] 模型初始化完成
[2025-11-06 17:02:39] 人脸数据库加载完成，共 1 个人脸
[2025-11-06 17:02:39] 系统启动成功
[2025-11-06 17:03:34] 摄像头停止成功
[2025-11-06 17:03:34] 停止人脸识别
[2025-11-06 17:03:34] 停止考勤
[2025-11-06 17:03:34] 系统退出
[2025-11-06 17:09:39] 创建目录: face_database\face_images
[2025-11-06 17:09:39] MySQL数据库初始化成功
[2025-11-06 17:09:40] 人脸检测器加载成功
[2025-11-06 17:09:40] 特征点预测器文件大小: 95.1MB
[2025-11-06 17:09:40] 特征点预测器加载成功: models/shape_predictor_68_face_landmarks.dat
[2025-11-06 17:09:40] 人脸识别模型文件大小: 21.4MB
[2025-11-06 17:09:40] 人脸识别模型加载成功
[2025-11-06 17:09:40] 模型完整性检查通过
[2025-11-06 17:09:40] 模型初始化完成
[2025-11-06 17:10:59] MySQL数据库初始化成功
[2025-11-06 17:11:00] 人脸检测器加载成功
[2025-11-06 17:11:00] 特征点预测器文件大小: 95.1MB
[2025-11-06 17:11:00] 特征点预测器加载成功: models/shape_predictor_68_face_landmarks.dat
[2025-11-06 17:11:00] 人脸识别模型文件大小: 21.4MB
[2025-11-06 17:11:01] 人脸识别模型加载成功
[2025-11-06 17:11:01] 模型完整性检查通过
[2025-11-06 17:11:01] 模型初始化完成
[2025-11-06 17:14:10] MySQL数据库初始化成功
[2025-11-06 17:14:11] 人脸检测器加载成功
[2025-11-06 17:14:11] 特征点预测器文件大小: 95.1MB
[2025-11-06 17:14:12] 特征点预测器加载成功: models/shape_predictor_68_face_landmarks.dat
[2025-11-06 17:14:12] 人脸识别模型文件大小: 21.4MB
[2025-11-06 17:14:12] 人脸识别模型加载成功
[2025-11-06 17:14:12] 模型完整性检查通过
[2025-11-06 17:14:12] 模型初始化完成
[2025-11-06 17:14:12] 人脸数据库加载完成，共 1 个人脸
[2025-11-06 17:14:12] 系统启动成功
[2025-11-06 17:14:30] 摄像头停止成功
[2025-11-06 17:14:30] 停止人脸识别
[2025-11-06 17:14:30] 停止考勤
[2025-11-06 17:14:30] 系统退出
[2025-11-10 08:49:59] MySQL数据库初始化成功
[2025-11-10 08:49:59] 人脸检测器加载成功
[2025-11-10 08:49:59] 特征点预测器文件大小: 95.1MB
[2025-11-10 08:50:00] 特征点预测器加载成功: models/shape_predictor_68_face_landmarks.dat
[2025-11-10 08:50:00] 人脸识别模型文件大小: 21.4MB
[2025-11-10 08:50:00] 人脸识别模型加载成功
[2025-11-10 08:50:00] 模型完整性检查通过
[2025-11-10 08:50:00] 模型初始化完成
[2025-11-10 08:50:00] 人脸数据库加载完成，共 1 个人脸
[2025-11-10 08:50:00] 系统启动成功
[2025-11-10 08:50:35] 加载录入图片: sample1.jpg
[2025-11-10 08:51:01] 加载录入图片: sample1.jpg
[2025-11-10 08:51:18] 录入摄像头启动成功
[2025-11-10 08:51:20] 摄像头停止成功
[2025-11-10 08:51:37] 录入摄像头启动成功
[2025-11-10 08:51:38] 摄像头停止成功
[2025-11-10 08:51:39] 录入摄像头启动成功
[2025-11-10 08:51:40] 捕获人脸照片: face_database\face_images\zsx\face_20251110_085140.jpg
[2025-11-10 08:51:42] 保存到MySQL数据库失败: (1364, "Field 'face_encoding' doesn't have a default value")
[2025-11-10 08:51:42] 人脸数据库保存完成
[2025-11-10 08:51:42] 人脸录入成功：zsx
[2025-11-10 08:51:45] 摄像头停止成功
[2025-11-10 08:51:51] 摄像头启动成功
[2025-11-10 08:51:54] 开始人脸识别
[2025-11-10 08:51:54] 保存识别记录到数据库失败: (1054, "Unknown column 'status' in 'field list'")
[2025-11-10 08:51:54] 保存识别记录到数据库失败: (1054, "Unknown column 'status' in 'field list'")
[2025-11-10 08:51:54] 保存识别记录到数据库失败: (1054, "Unknown column 'status' in 'field list'")
[2025-11-10 08:51:55] 保存识别记录到数据库失败: (1054, "Unknown column 'status' in 'field list'")
[2025-11-10 08:51:55] 保存识别记录到数据库失败: (1054, "Unknown column 'status' in 'field list'")
[2025-11-10 08:51:55] 保存识别记录到数据库失败: (1054, "Unknown column 'status' in 'field list'")
[2025-11-10 08:51:56] 保存识别记录到数据库失败: (1054, "Unknown column 'status' in 'field list'")
[2025-11-10 08:51:56] 保存识别记录到数据库失败: (1054, "Unknown column 'status' in 'field list'")
[2025-11-10 08:51:56] 保存识别记录到数据库失败: (1054, "Unknown column 'status' in 'field list'")
[2025-11-10 08:51:56] 保存识别记录到数据库失败: (1054, "Unknown column 'status' in 'field list'")
[2025-11-10 08:51:57] 保存识别记录到数据库失败: (1054, "Unknown column 'status' in 'field list'")
[2025-11-10 08:51:57] 保存识别记录到数据库失败: (1054, "Unknown column 'status' in 'field list'")
[2025-11-10 08:51:57] 保存识别记录到数据库失败: (1054, "Unknown column 'status' in 'field list'")
[2025-11-10 08:51:57] 保存识别记录到数据库失败: (1054, "Unknown column 'status' in 'field list'")
[2025-11-10 08:51:57] 保存识别记录到数据库失败: (1054, "Unknown column 'status' in 'field list'")
[2025-11-10 08:51:58] 保存识别记录到数据库失败: (1054, "Unknown column 'status' in 'field list'")
[2025-11-10 08:51:58] 保存识别记录到数据库失败: (1054, "Unknown column 'status' in 'field list'")
[2025-11-10 08:51:58] 保存识别记录到数据库失败: (1054, "Unknown column 'status' in 'field list'")
[2025-11-10 08:51:59] 保存识别记录到数据库失败: (1054, "Unknown column 'status' in 'field list'")
[2025-11-10 08:51:59] 保存识别记录到数据库失败: (1054, "Unknown column 'status' in 'field list'")
[2025-11-10 08:51:59] 保存识别记录到数据库失败: (1054, "Unknown column 'status' in 'field list'")
[2025-11-10 08:51:59] 保存识别记录到数据库失败: (1054, "Unknown column 'status' in 'field list'")
[2025-11-10 08:51:59] 停止人脸识别
[2025-11-10 08:52:02] 摄像头停止成功
[2025-11-10 08:52:04] 摄像头启动成功
[2025-11-10 08:52:06] 开始人脸识别
[2025-11-10 08:52:06] 保存识别记录到数据库失败: (1054, "Unknown column 'status' in 'field list'")
[2025-11-10 08:52:06] 保存识别记录到数据库失败: (1054, "Unknown column 'status' in 'field list'")
[2025-11-10 08:52:06] 保存识别记录到数据库失败: (1054, "Unknown column 'status' in 'field list'")
[2025-11-10 08:52:07] 保存识别记录到数据库失败: (1054, "Unknown column 'status' in 'field list'")
[2025-11-10 08:52:07] 保存识别记录到数据库失败: (1054, "Unknown column 'status' in 'field list'")
[2025-11-10 08:52:07] 保存识别记录到数据库失败: (1054, "Unknown column 'status' in 'field list'")
[2025-11-10 08:52:07] 保存识别记录到数据库失败: (1054, "Unknown column 'status' in 'field list'")
[2025-11-10 08:52:07] 保存识别记录到数据库失败: (1054, "Unknown column 'status' in 'field list'")
[2025-11-10 08:52:08] 保存识别记录到数据库失败: (1054, "Unknown column 'status' in 'field list'")
[2025-11-10 08:52:08] 保存识别记录到数据库失败: (1054, "Unknown column 'status' in 'field list'")
[2025-11-10 08:52:09] 保存识别记录到数据库失败: (1054, "Unknown column 'status' in 'field list'")
[2025-11-10 08:52:09] 保存识别记录到数据库失败: (1054, "Unknown column 'status' in 'field list'")
[2025-11-10 08:52:09] 保存识别记录到数据库失败: (1054, "Unknown column 'status' in 'field list'")
[2025-11-10 08:52:09] 保存识别记录到数据库失败: (1054, "Unknown column 'status' in 'field list'")
[2025-11-10 08:52:09] 保存识别记录到数据库失败: (1054, "Unknown column 'status' in 'field list'")
[2025-11-10 08:52:09] 保存识别记录到数据库失败: (1054, "Unknown column 'status' in 'field list'")
[2025-11-10 08:52:10] 保存识别记录到数据库失败: (1054, "Unknown column 'status' in 'field list'")
[2025-11-10 08:52:10] 停止人脸识别
[2025-11-10 08:52:12] 摄像头停止成功
[2025-11-10 08:53:33] 考勤模式：自动启动摄像头
[2025-11-10 08:53:33] 摄像头启动成功
[2025-11-10 08:53:34] 开始考勤
[2025-11-10 08:53:38] 考勤签到: 张三
[2025-11-10 08:53:39] 考勤签到: 张三
[2025-11-10 08:53:41] 停止考勤
[2025-11-10 08:53:44] 摄像头停止成功
[2025-11-10 09:03:29] MySQL数据库初始化成功
[2025-11-10 09:03:30] 人脸检测器加载成功
[2025-11-10 09:03:30] 特征点预测器文件大小: 95.1MB
[2025-11-10 09:03:30] 特征点预测器加载成功: models/shape_predictor_68_face_landmarks.dat
[2025-11-10 09:03:30] 人脸识别模型文件大小: 21.4MB
[2025-11-10 09:03:30] 人脸识别模型加载成功
[2025-11-10 09:03:30] 模型完整性检查通过
[2025-11-10 09:03:30] 模型初始化完成
[2025-11-10 09:03:30] 人脸数据库加载完成，共 1 个人脸
[2025-11-10 09:03:30] 系统启动成功
[2025-11-10 09:13:56] MySQL数据库初始化成功
[2025-11-10 09:13:56] 人脸检测器加载成功
[2025-11-10 09:13:56] 特征点预测器文件大小: 95.1MB
[2025-11-10 09:13:56] 特征点预测器加载成功: models/shape_predictor_68_face_landmarks.dat
[2025-11-10 09:13:56] 人脸识别模型文件大小: 21.4MB
[2025-11-10 09:13:57] 人脸识别模型加载成功
[2025-11-10 09:13:57] 模型完整性检查通过
[2025-11-10 09:13:57] 模型初始化完成
[2025-11-10 09:13:57] 人脸数据库加载完成，共 1 个人脸
[2025-11-10 09:13:57] 系统启动成功
[2025-11-10 09:15:17] 考勤签退: 张三
[2025-11-10 09:15:52] MySQL数据库初始化成功
[2025-11-10 09:15:52] 人脸检测器加载成功
[2025-11-10 09:15:52] 特征点预测器文件大小: 95.1MB
[2025-11-10 09:15:53] 特征点预测器加载成功: models/shape_predictor_68_face_landmarks.dat
[2025-11-10 09:15:53] 人脸识别模型文件大小: 21.4MB
[2025-11-10 09:15:53] 人脸识别模型加载成功
[2025-11-10 09:15:53] 模型完整性检查通过
[2025-11-10 09:15:53] 模型初始化完成
[2025-11-10 09:15:53] 系统设置保存成功
[2025-11-10 09:16:15] 人脸检测失败: Unsupported image type, must be 8bit gray or RGB image.
[2025-11-10 09:21:54] API服务已启动，端口: 5000
[2025-11-10 09:22:01] API服务已停止
